<?xml version='1.0' encoding='UTF-8'?>
<testsuite hostname="Yoons-MacBook.local" name="irobo.api.service.UrlServiceTest" tests="11" errors="0" failures="4" time="0.0">
                     <properties>
      <property name="jline.esc.timeout" value="0"/><property name="java.runtime.name" value="Java(TM) SE Runtime Environment"/><property name="sun.boot.library.path" value="/Library/Java/JavaVirtualMachines/jdk1.8.0_144.jdk/Contents/Home/jre/lib"/><property name="java.vm.version" value="25.144-b01"/><property name="gopherProxySet" value="false"/><property name="java.vm.vendor" value="Oracle Corporation"/><property name="java.vendor.url" value="http://java.oracle.com/"/><property name="path.separator" value=":"/><property name="java.vm.name" value="Java HotSpot(TM) 64-Bit Server VM"/><property name="file.encoding.pkg" value="sun.io"/><property name="user.country" value="US"/><property name="sun.java.launcher" value="SUN_STANDARD"/><property name="sun.os.patch.level" value="unknown"/><property name="java.vm.specification.name" value="Java Virtual Machine Specification"/><property name="user.dir" value="/Users/yoonungkim/workspace/irobo/url-shortener"/><property name="java.runtime.version" value="1.8.0_144-b01"/><property name="java.awt.graphicsenv" value="sun.awt.CGraphicsEnvironment"/><property name="java.endorsed.dirs" value="/Library/Java/JavaVirtualMachines/jdk1.8.0_144.jdk/Contents/Home/jre/lib/endorsed"/><property name="os.arch" value="x86_64"/><property name="java.io.tmpdir" value="/var/folders/mp/f56ksyyn3pg38vw_3926gl5r0000gn/T/"/><property name="line.separator" value="
"/><property name="java.vm.specification.vendor" value="Oracle Corporation"/><property name="os.name" value="Mac OS X"/><property name="sun.jnu.encoding" value="UTF-8"/><property name="java.library.path" value="/Users/yoonungkim/Library/Java/Extensions:/Library/Java/Extensions:/Network/Library/Java/Extensions:/System/Library/Java/Extensions:/usr/lib/java:."/><property name="sun.nio.ch.bugLevel" value=""/><property name="java.specification.name" value="Java Platform API Specification"/><property name="java.class.version" value="52.0"/><property name="sun.management.compiler" value="HotSpot 64-Bit Tiered Compilers"/><property name="os.version" value="10.12.5"/><property name="http.nonProxyHosts" value="local|*.local|169.254/16|*.169.254/16"/><property name="user.home" value="/Users/yoonungkim"/><property name="user.timezone" value="Asia/Seoul"/><property name="java.awt.printerjob" value="sun.lwawt.macosx.CPrinterJob"/><property name="file.encoding" value="UTF-8"/><property name="java.specification.version" value="1.8"/><property name="java.class.path" value="/usr/local/Cellar/sbt/1.0.2/libexec/bin/sbt-launch.jar"/><property name="user.name" value="yoonungkim"/><property name="jline.shutdownhook" value="false"/><property name="java.vm.specification.version" value="1.8"/><property name="sun.java.command" value="/usr/local/Cellar/sbt/1.0.2/libexec/bin/sbt-launch.jar"/><property name="java.home" value="/Library/Java/JavaVirtualMachines/jdk1.8.0_144.jdk/Contents/Home/jre"/><property name="sun.arch.data.model" value="64"/><property name="user.language" value="en"/><property name="java.specification.vendor" value="Oracle Corporation"/><property name="awt.toolkit" value="sun.lwawt.macosx.LWCToolkit"/><property name="java.vm.info" value="mixed mode"/><property name="java.version" value="1.8.0_144"/><property name="java.ext.dirs" value="/Users/yoonungkim/Library/Java/Extensions:/Library/Java/JavaVirtualMachines/jdk1.8.0_144.jdk/Contents/Home/jre/lib/ext:/Library/Java/Extensions:/Network/Library/Java/Extensions:/System/Library/Java/Extensions:/usr/lib/java"/><property name="sun.boot.class.path" value="/Library/Java/JavaVirtualMachines/jdk1.8.0_144.jdk/Contents/Home/jre/lib/resources.jar:/Library/Java/JavaVirtualMachines/jdk1.8.0_144.jdk/Contents/Home/jre/lib/rt.jar:/Library/Java/JavaVirtualMachines/jdk1.8.0_144.jdk/Contents/Home/jre/lib/sunrsasign.jar:/Library/Java/JavaVirtualMachines/jdk1.8.0_144.jdk/Contents/Home/jre/lib/jsse.jar:/Library/Java/JavaVirtualMachines/jdk1.8.0_144.jdk/Contents/Home/jre/lib/jce.jar:/Library/Java/JavaVirtualMachines/jdk1.8.0_144.jdk/Contents/Home/jre/lib/charsets.jar:/Library/Java/JavaVirtualMachines/jdk1.8.0_144.jdk/Contents/Home/jre/lib/jfr.jar:/Library/Java/JavaVirtualMachines/jdk1.8.0_144.jdk/Contents/Home/jre/classes"/><property name="java.vendor" value="Oracle Corporation"/><property name="file.separator" value="/"/><property name="java.vendor.url.bug" value="http://bugreport.sun.com/bugreport/"/><property name="sun.io.unicode.encoding" value="UnicodeBig"/><property name="sun.cpu.endian" value="little"/><property name="socksNonProxyHosts" value="local|*.local|169.254/16|*.169.254/16"/><property name="ftp.nonProxyHosts" value="local|*.local|169.254/16|*.169.254/16"/><property name="sun.cpu.isalist" value=""/>
    </properties>
                     <testcase classname="irobo.api.service.UrlServiceTest" name="" time="0.0">
                                                 
                                               </testcase><testcase classname="irobo.api.service.UrlServiceTest" name="" time="0.0">
                                                 <failure message="&quot;098F6BCD4621D373CADE4E832627B4F6&quot; did not equal None" type="org.scalatest.exceptions.TestFailedException">org.scalatest.exceptions.TestFailedException: &quot;098F6BCD4621D373CADE4E832627B4F6&quot; did not equal None
	at org.scalatest.Assertions$class.newAssertionFailedException(Assertions.scala:500)
	at irobo.api.service.UrlServiceTest$.newAssertionFailedException(UrlServiceTest.scala:18)
	at org.scalatest.Assertions$AssertionsHelper.macroAssert(Assertions.scala:466)
	at irobo.api.service.UrlServiceTest$$anonfun$7$$anonfun$apply$1$$anonfun$apply$3.apply(UrlServiceTest.scala:41)
	at irobo.api.service.UrlServiceTest$$anonfun$7$$anonfun$apply$1$$anonfun$apply$3.apply(UrlServiceTest.scala:19)
</failure>
                                               </testcase><testcase classname="irobo.api.service.UrlServiceTest" name="" time="0.0">
                                                 
                                               </testcase><testcase classname="irobo.api.service.UrlServiceTest" name="" time="0.0">
                                                 <failure message="Some(&quot;3N0&quot;) did not equal None" type="org.scalatest.exceptions.TestFailedException">org.scalatest.exceptions.TestFailedException: Some(&quot;3N0&quot;) did not equal None
	at org.scalatest.Assertions$class.newAssertionFailedException(Assertions.scala:500)
	at irobo.api.service.UrlServiceTest$.newAssertionFailedException(UrlServiceTest.scala:18)
	at org.scalatest.Assertions$AssertionsHelper.macroAssert(Assertions.scala:466)
	at irobo.api.service.UrlServiceTest$$anonfun$7$$anonfun$apply$1$$anonfun$apply$4.apply(UrlServiceTest.scala:47)
	at irobo.api.service.UrlServiceTest$$anonfun$7$$anonfun$apply$1$$anonfun$apply$4.apply(UrlServiceTest.scala:19)
</failure>
                                               </testcase><testcase classname="irobo.api.service.UrlServiceTest" name="" time="0.0">
                                                 
                                               </testcase><testcase classname="irobo.api.service.UrlServiceTest" name="" time="0.0">
                                                 <failure message="125 did not equal None" type="org.scalatest.exceptions.TestFailedException">org.scalatest.exceptions.TestFailedException: 125 did not equal None
	at org.scalatest.Assertions$class.newAssertionFailedException(Assertions.scala:500)
	at irobo.api.service.UrlServiceTest$.newAssertionFailedException(UrlServiceTest.scala:18)
	at org.scalatest.Assertions$AssertionsHelper.macroAssert(Assertions.scala:466)
	at irobo.api.service.UrlServiceTest$$anonfun$7$$anonfun$apply$1$$anonfun$apply$5.apply(UrlServiceTest.scala:53)
	at irobo.api.service.UrlServiceTest$$anonfun$7$$anonfun$apply$1$$anonfun$apply$5.apply(UrlServiceTest.scala:19)
</failure>
                                               </testcase><testcase classname="irobo.api.service.UrlServiceTest" name="" time="0.0">
                                                 
                                               </testcase><testcase classname="irobo.api.service.UrlServiceTest" name="" time="0.0">
                                                 
                                               </testcase><testcase classname="irobo.api.service.UrlServiceTest" name="" time="0.0">
                                                 <failure message="Some(&quot;www.naver.com&quot;) did not equal None" type="org.scalatest.exceptions.TestFailedException">org.scalatest.exceptions.TestFailedException: Some(&quot;www.naver.com&quot;) did not equal None
	at org.scalatest.Assertions$class.newAssertionFailedException(Assertions.scala:500)
	at irobo.api.service.UrlServiceTest$.newAssertionFailedException(UrlServiceTest.scala:18)
	at org.scalatest.Assertions$AssertionsHelper.macroAssert(Assertions.scala:466)
	at irobo.api.service.UrlServiceTest$$anonfun$7$$anonfun$apply$1$$anonfun$apply$9$$anonfun$apply$10.apply(UrlServiceTest.scala:68)
	at irobo.api.service.UrlServiceTest$$anonfun$7$$anonfun$apply$1$$anonfun$apply$9$$anonfun$apply$10.apply(UrlServiceTest.scala:67)
	at scala.util.Success$$anonfun$map$1.apply(Try.scala:237)
	at scala.util.Try$.apply(Try.scala:192)
	at scala.util.Success.map(Try.scala:237)
	at scala.concurrent.Future$$anonfun$map$1.apply(Future.scala:237)
	at scala.concurrent.Future$$anonfun$map$1.apply(Future.scala:237)
	at scala.concurrent.impl.CallbackRunnable.run(Promise.scala:32)
	at java.util.concurrent.ThreadPoolExecutor.runWorker(ThreadPoolExecutor.java:1149)
	at java.util.concurrent.ThreadPoolExecutor$Worker.run(ThreadPoolExecutor.java:624)
	at java.lang.Thread.run(Thread.java:748)
</failure>
                                               </testcase><testcase classname="irobo.api.service.UrlServiceTest" name="" time="0.0">
                                                 
                                               </testcase><testcase classname="irobo.api.service.UrlServiceTest" name="" time="0.0">
                                                 
                                               </testcase>
                     <system-out></system-out>
                     <system-err></system-err>
                   </testsuite>