[0m[[0minfo[0m] [0m----------------Starting Suite irobo.api.service.UrlServiceTest----------------[0m
[0m[[0minfo[0m] [0mirobo.api.service.UrlServiceTest.Url Service Test.get hashed full url		[31m[0m
[0m[[0minfo[0m] [0m                   		[31morg.scalatest.exceptions.TestFailedException: "098F6BCD4621D373CADE4E832627B4F6" did not equal None[0m[0m
[0m[[0minfo[0m] [0mirobo.api.service.UrlServiceTest.Url Service Test.to base 62		[31m[0m
[0m[[0minfo[0m] [0m          		[31morg.scalatest.exceptions.TestFailedException: Some("3N0") did not equal None[0m[0m
[0m[[0minfo[0m] [0mirobo.api.service.UrlServiceTest.Url Service Test.to base 10		[31m[0m
[0m[[0minfo[0m] [0m          		[31morg.scalatest.exceptions.TestFailedException: 125 did not equal None[0m[0m
[0m[[0minfo[0m] [0mirobo.api.service.UrlServiceTest.Url Service Test.get short url		[32mSuccess[0m[0m
[0m[[0minfo[0m] [0mirobo.api.service.UrlServiceTest.Url Service Test.get full url		[31m[0m
[0m[[0minfo[0m] [0m            		[31morg.scalatest.exceptions.TestFailedException: Some("www.naver.com") did not equal None[0m[0m
[0m[[0minfo[0m] [0mirobo.api.service.UrlServiceTest.Url Service Test		[32mSuccess[0m[0m
[0m[[0minfo[0m] [0mirobo.api.service.UrlServiceTest		[32mSuccess[0m[0m
